2022-07-09T07:52:06.950Z - info: [ui] [AppStore] loading 0 repositories from store
2022-07-09T07:52:06.988Z - info: [ui] [Welcome] no sign in step found. ignoring...
2022-07-09T07:52:06.996Z - info: [ui] launching: 3.0.3-linux1 (Linux 5.18.9-arch1-1)
2022-07-09T07:52:06.997Z - info: [ui] execPath: '/opt/github-desktop/github-desktop'
2022-07-09T07:52:07.013Z - info: [ui] [Welcome] no sign in step found. ignoring...
2022-07-09T07:52:07.438Z - info: [ui] Opt in reported.
2022-07-09T07:52:08.251Z - info: [ui] [Welcome] advancing to step: SignInToDotComWithBrowser
2022-07-09T07:52:08.252Z - info: [ui] [SignInStore] initializing OAuth flow
2022-07-09T07:52:08.255Z - info: [main] opening in browser: https://github.com/login/oauth/authorize?client_id=3a723b10ac5575cc5bb9&scope=repo%20user%20workflow&state=31c8f530-c593-4876-8358-ab9bb32cbaa6
2022-07-09T07:52:08.256Z - info: [ui] [Welcome] current sign in state not found. ignoring...
2022-07-09T07:52:08.437Z - info: [ui] [Welcome] kind Authentication is the same as Authentication. ignoring...
2022-07-09T07:52:08.537Z - info: [ui] [Welcome] kind Authentication is the same as Authentication. ignoring...
2022-07-09T07:52:08.637Z - info: [ui] [Welcome] kind Authentication is the same as Authentication. ignoring...
2022-07-09T07:52:11.057Z - info: [ui] [Welcome] kind Authentication is the same as Authentication. ignoring...
2022-07-09T07:52:11.154Z - info: [ui] [Welcome] kind Authentication is the same as Authentication. ignoring...
2022-07-09T07:52:16.083Z - info: [main] Received possible protocol arguments: 4
2022-07-09T07:52:16.083Z - info: [main] Processing protocol url
2022-07-09T07:52:16.089Z - info: [ui] [Dispatcher] requesting authenticated user
2022-07-09T07:52:16.090Z - info: [ui] [Welcome] kind Authentication is the same as Authentication. ignoring...
2022-07-09T07:52:16.103Z - info: [ui] [Welcome] kind Authentication is the same as Authentication. ignoring...
2022-07-09T07:52:17.774Z - info: [ui] [SignInStore] account resolved
2022-07-09T07:52:17.775Z - info: [ui] [AppStore] adding account MatusModder (Matúš Maštena) to store
2022-07-09T07:52:17.787Z - info: [ui] [Welcome] advancing to step: ConfigureGit
2022-07-09T07:52:17.829Z - info: [ui] [Welcome] no sign in step found. ignoring...
2022-07-09T07:52:17.904Z - info: [ui] [Welcome] no sign in step found. ignoring...
2022-07-09T07:52:25.493Z - info: [ui] [Welcome] no sign in step found. ignoring...
2022-07-09T07:52:25.519Z - info: [ui] [Welcome] no sign in step found. ignoring...
2022-07-09T07:52:25.522Z - info: [ui] [Welcome] no sign in step found. ignoring...
2022-07-09T07:52:26.069Z - info: [ui] Subscribed 'MatusModder' to Alive channel
2022-07-09T07:52:27.336Z - info: [ui] [Welcome] no sign in step found. ignoring...
2022-07-09T07:52:43.212Z - info: [ui] [AppStore] adding repository at /home/matus/git/Nord-i3-config to store
2022-07-09T07:52:43.838Z - info: [ui] [BranchPruner] No branches to prune.
2022-07-09T07:52:46.013Z - info: [ui] [Timing] Action 'create commit' for 'MatusModder/Nord-I3-config' took 0.074s
2022-07-09T07:52:48.607Z - info: [ui] [AppStore.withAuthenticatingUser] account found for repository: Nord-I3-config - MatusModder (has token)
2022-07-09T07:52:49.674Z - info: [ui] Executing push: git -c credential.helper= push origin master:master --progress (took 1.059s)
2022-07-09T07:53:09.463Z - info: [ui] [Timing] Action 'create commit' for 'MatusModder/Nord-I3-config' took 0.056s
2022-07-09T07:53:18.302Z - info: [ui] [AppStore.withAuthenticatingUser] account found for repository: Nord-I3-config - MatusModder (has token)
